

Started GET "/assets/rails.png" for 127.0.0.1 at 2013-02-18 11:50:54 -0300
Connecting to database specified by database.yml
Served asset /rails.png - 200 OK (4ms)
Connecting to database specified by database.yml
Connecting to database specified by database.yml
  [1m[36m (0.1ms)[0m  [1mselect sqlite_version(*)[0m
  [1m[35m (149.2ms)[0m  CREATE TABLE "schema_migrations" ("version" varchar(255) NOT NULL) 
  [1m[36m (123.5ms)[0m  [1mCREATE UNIQUE INDEX "unique_schema_migrations" ON "schema_migrations" ("version")[0m
  [1m[35m (0.1ms)[0m  SELECT "schema_migrations"."version" FROM "schema_migrations" 
Migrating to CreatePosts (20130218145510)
  [1m[36m (0.1ms)[0m  [1mbegin transaction[0m
  [1m[35m (0.6ms)[0m  CREATE TABLE "posts" ("id" INTEGER PRIMARY KEY AUTOINCREMENT NOT NULL, "name" varchar(255), "title" varchar(255), "content" text, "created_at" datetime NOT NULL, "updated_at" datetime NOT NULL) 
  [1m[36m (0.2ms)[0m  [1mINSERT INTO "schema_migrations" ("version") VALUES ('20130218145510')[0m
  [1m[35m (125.9ms)[0m  commit transaction
  [1m[36m (0.1ms)[0m  [1mSELECT "schema_migrations"."version" FROM "schema_migrations" [0m


Started GET "/" for 127.0.0.1 at 2013-02-18 11:55:46 -0300
Connecting to database specified by database.yml

ActionController::RoutingError (No route matches [GET] "/"):
  actionpack (3.2.12) lib/action_dispatch/middleware/debug_exceptions.rb:21:in `call'
  actionpack (3.2.12) lib/action_dispatch/middleware/show_exceptions.rb:56:in `call'
  railties (3.2.12) lib/rails/rack/logger.rb:32:in `call_app'
  railties (3.2.12) lib/rails/rack/logger.rb:16:in `block in call'
  activesupport (3.2.12) lib/active_support/tagged_logging.rb:22:in `tagged'
  railties (3.2.12) lib/rails/rack/logger.rb:16:in `call'
  actionpack (3.2.12) lib/action_dispatch/middleware/request_id.rb:22:in `call'
  rack (1.4.5) lib/rack/methodoverride.rb:21:in `call'
  rack (1.4.5) lib/rack/runtime.rb:17:in `call'
  activesupport (3.2.12) lib/active_support/cache/strategy/local_cache.rb:72:in `call'
  rack (1.4.5) lib/rack/lock.rb:15:in `call'
  actionpack (3.2.12) lib/action_dispatch/middleware/static.rb:62:in `call'
  railties (3.2.12) lib/rails/engine.rb:479:in `call'
  railties (3.2.12) lib/rails/application.rb:223:in `call'
  rack (1.4.5) lib/rack/content_length.rb:14:in `call'
  railties (3.2.12) lib/rails/rack/log_tailer.rb:17:in `call'
  rack (1.4.5) lib/rack/handler/webrick.rb:59:in `service'
  /home/elogroup/.rvm/rubies/ruby-1.9.3-p194/lib/ruby/1.9.1/webrick/httpserver.rb:138:in `service'
  /home/elogroup/.rvm/rubies/ruby-1.9.3-p194/lib/ruby/1.9.1/webrick/httpserver.rb:94:in `run'
  /home/elogroup/.rvm/rubies/ruby-1.9.3-p194/lib/ruby/1.9.1/webrick/server.rb:191:in `block in start_thread'


  Rendered /home/elogroup/.rvm/gems/ruby-1.9.3-p194@spikevandal2/gems/actionpack-3.2.12/lib/action_dispatch/middleware/templates/rescues/routing_error.erb within rescues/layout (1.7ms)


Started GET "/" for 127.0.0.1 at 2013-02-18 11:56:27 -0300
Processing by PostsController#index as HTML
  [1m[36mPost Load (0.1ms)[0m  [1mSELECT "posts".* FROM "posts" [0m
  Rendered posts/index.html.erb within layouts/application (0.7ms)
Compiled posts.css  (4ms)  (pid 7725)
Compiled scaffolds.css  (9ms)  (pid 7725)
Compiled application.css  (37ms)  (pid 7725)
Compiled jquery.js  (18ms)  (pid 7725)
Compiled jquery_ujs.js  (0ms)  (pid 7725)
Compiled posts.js  (341ms)  (pid 7725)
Compiled application.js  (383ms)  (pid 7725)
Completed 200 OK in 477ms (Views: 451.7ms | ActiveRecord: 1.3ms)


Started GET "/assets/posts.css?body=1" for 127.0.0.1 at 2013-02-18 11:56:27 -0300
Served asset /posts.css - 200 OK (1ms)


Started GET "/assets/application.js?body=1" for 127.0.0.1 at 2013-02-18 11:56:27 -0300
Served asset /application.js - 200 OK (12ms)


Started GET "/assets/posts.js?body=1" for 127.0.0.1 at 2013-02-18 11:56:27 -0300
Served asset /posts.js - 200 OK (2ms)


Started GET "/assets/scaffolds.css?body=1" for 127.0.0.1 at 2013-02-18 11:56:27 -0300
Served asset /scaffolds.css - 200 OK (3ms)


Started GET "/assets/jquery.js?body=1" for 127.0.0.1 at 2013-02-18 11:56:27 -0300
Served asset /jquery.js - 200 OK (4ms)


Started GET "/assets/jquery_ujs.js?body=1" for 127.0.0.1 at 2013-02-18 11:56:27 -0300
Served asset /jquery_ujs.js - 200 OK (4ms)


Started GET "/assets/application.css?body=1" for 127.0.0.1 at 2013-02-18 11:56:27 -0300
Served asset /application.css - 200 OK (5ms)


Started GET "/posts/new" for 127.0.0.1 at 2013-02-18 11:56:30 -0300
Processing by PostsController#new as HTML
  Rendered posts/_form.html.erb (6.3ms)
  Rendered posts/new.html.erb within layouts/application (9.6ms)
Completed 200 OK in 26ms (Views: 12.9ms | ActiveRecord: 0.0ms)


Started POST "/posts" for 127.0.0.1 at 2013-02-18 11:56:34 -0300
Processing by PostsController#create as HTML
  Parameters: {"utf8"=>"✓", "authenticity_token"=>"vpvvrpr7IzdidiPEI7qUYK3GpQu2vn9W0tWrgCBQrG0=", "post"=>{"name"=>"aaa", "title"=>"aaa", "content"=>"aaa"}, "commit"=>"Create Post"}
  [1m[35m (0.1ms)[0m  begin transaction
  [1m[36mSQL (23.9ms)[0m  [1mINSERT INTO "posts" ("content", "created_at", "name", "title", "updated_at") VALUES (?, ?, ?, ?, ?)[0m  [["content", "aaa"], ["created_at", Mon, 18 Feb 2013 14:56:34 UTC +00:00], ["name", "aaa"], ["title", "aaa"], ["updated_at", Mon, 18 Feb 2013 14:56:34 UTC +00:00]]
  [1m[35m (147.9ms)[0m  commit transaction
Redirected to http://localhost:3000/posts/1
Completed 302 Found in 179ms (ActiveRecord: 172.0ms)


Started GET "/posts/1" for 127.0.0.1 at 2013-02-18 11:56:34 -0300
Processing by PostsController#show as HTML
  Parameters: {"id"=>"1"}
  [1m[36mPost Load (0.5ms)[0m  [1mSELECT "posts".* FROM "posts" WHERE "posts"."id" = ? LIMIT 1[0m  [["id", "1"]]
  Rendered posts/show.html.erb within layouts/application (1.3ms)
Completed 200 OK in 10ms (Views: 5.6ms | ActiveRecord: 0.5ms)


Started GET "/assets/posts.css?body=1" for 127.0.0.1 at 2013-02-18 11:56:34 -0300
Served asset /posts.css - 304 Not Modified (0ms)


Started GET "/assets/scaffolds.css?body=1" for 127.0.0.1 at 2013-02-18 11:56:34 -0300
Served asset /scaffolds.css - 304 Not Modified (0ms)


Started GET "/assets/posts.js?body=1" for 127.0.0.1 at 2013-02-18 11:56:34 -0300
Served asset /posts.js - 304 Not Modified (0ms)


Started GET "/posts" for 127.0.0.1 at 2013-02-18 11:56:35 -0300
Processing by PostsController#index as HTML
  [1m[35mPost Load (0.4ms)[0m  SELECT "posts".* FROM "posts" 
  Rendered posts/index.html.erb within layouts/application (1.2ms)
Completed 200 OK in 11ms (Views: 8.9ms | ActiveRecord: 0.4ms)


Started GET "/assets/posts.css?body=1" for 127.0.0.1 at 2013-02-18 11:56:35 -0300
Served asset /posts.css - 304 Not Modified (0ms)


Started GET "/assets/posts.js?body=1" for 127.0.0.1 at 2013-02-18 11:56:36 -0300
Served asset /posts.js - 304 Not Modified (0ms)


Started GET "/assets/scaffolds.css?body=1" for 127.0.0.1 at 2013-02-18 11:56:36 -0300
Served asset /scaffolds.css - 304 Not Modified (0ms)


Started GET "/posts/new" for 127.0.0.1 at 2013-02-18 11:56:38 -0300
Processing by PostsController#new as HTML
  Rendered posts/_form.html.erb (2.3ms)
  Rendered posts/new.html.erb within layouts/application (3.0ms)
Completed 200 OK in 8ms (Views: 7.5ms | ActiveRecord: 0.0ms)


Started GET "/assets/posts.css?body=1" for 127.0.0.1 at 2013-02-18 11:56:38 -0300
Served asset /posts.css - 304 Not Modified (2ms)


Started GET "/assets/scaffolds.css?body=1" for 127.0.0.1 at 2013-02-18 11:56:38 -0300
Served asset /scaffolds.css - 304 Not Modified (0ms)


Started GET "/assets/posts.js?body=1" for 127.0.0.1 at 2013-02-18 11:56:38 -0300
Served asset /posts.js - 304 Not Modified (0ms)


Started POST "/posts" for 127.0.0.1 at 2013-02-18 11:56:42 -0300
Processing by PostsController#create as HTML
  Parameters: {"utf8"=>"✓", "authenticity_token"=>"vpvvrpr7IzdidiPEI7qUYK3GpQu2vn9W0tWrgCBQrG0=", "post"=>{"name"=>"bbb", "title"=>"bbb", "content"=>"bbb"}, "commit"=>"Create Post"}
  [1m[36m (0.1ms)[0m  [1mbegin transaction[0m
  [1m[35mSQL (0.6ms)[0m  INSERT INTO "posts" ("content", "created_at", "name", "title", "updated_at") VALUES (?, ?, ?, ?, ?)  [["content", "bbb"], ["created_at", Mon, 18 Feb 2013 14:56:42 UTC +00:00], ["name", "bbb"], ["title", "bbb"], ["updated_at", Mon, 18 Feb 2013 14:56:42 UTC +00:00]]
  [1m[36m (175.5ms)[0m  [1mcommit transaction[0m
Redirected to http://localhost:3000/posts/2
Completed 302 Found in 179ms (ActiveRecord: 176.2ms)


Started GET "/posts/2" for 127.0.0.1 at 2013-02-18 11:56:42 -0300
Processing by PostsController#show as HTML
  Parameters: {"id"=>"2"}
  [1m[35mPost Load (0.1ms)[0m  SELECT "posts".* FROM "posts" WHERE "posts"."id" = ? LIMIT 1  [["id", "2"]]
  Rendered posts/show.html.erb within layouts/application (0.7ms)
Completed 200 OK in 9ms (Views: 7.7ms | ActiveRecord: 0.1ms)


Started GET "/assets/posts.css?body=1" for 127.0.0.1 at 2013-02-18 11:56:42 -0300
Served asset /posts.css - 304 Not Modified (0ms)


Started GET "/assets/posts.js?body=1" for 127.0.0.1 at 2013-02-18 11:56:42 -0300
Served asset /posts.js - 304 Not Modified (0ms)


Started GET "/assets/scaffolds.css?body=1" for 127.0.0.1 at 2013-02-18 11:56:42 -0300
Served asset /scaffolds.css - 304 Not Modified (0ms)


Started GET "/" for 127.0.0.1 at 2013-02-18 11:56:46 -0300
Processing by PostsController#index as HTML
  [1m[36mPost Load (0.5ms)[0m  [1mSELECT "posts".* FROM "posts" [0m
  Rendered posts/index.html.erb within layouts/application (2.4ms)
Completed 200 OK in 8ms (Views: 6.3ms | ActiveRecord: 0.5ms)


Started GET "/assets/posts.css?body=1" for 127.0.0.1 at 2013-02-18 11:56:46 -0300
Served asset /posts.css - 304 Not Modified (0ms)


Started GET "/assets/posts.js?body=1" for 127.0.0.1 at 2013-02-18 11:56:46 -0300
Served asset /posts.js - 304 Not Modified (2ms)


Started GET "/assets/scaffolds.css?body=1" for 127.0.0.1 at 2013-02-18 11:56:46 -0300
Served asset /scaffolds.css - 304 Not Modified (0ms)
Connecting to database specified by database.yml
Connecting to database specified by database.yml
  [1m[36m (0.1ms)[0m  [1mSELECT "schema_migrations"."version" FROM "schema_migrations" [0m
Migrating to CreatePosts (20130218145510)
Migrating to AddImageToPosts (20130218150411)
  [1m[35m (0.0ms)[0m  select sqlite_version(*)
  [1m[36m (0.0ms)[0m  [1mbegin transaction[0m
  [1m[35m (0.3ms)[0m  ALTER TABLE "posts" ADD "image_file_name" varchar(255)
  [1m[36m (0.1ms)[0m  [1mALTER TABLE "posts" ADD "image_content_type" varchar(255)[0m
  [1m[35m (0.1ms)[0m  ALTER TABLE "posts" ADD "image_file_size" integer
  [1m[36m (0.1ms)[0m  [1mALTER TABLE "posts" ADD "image_updated_at" datetime[0m
  [1m[35m (0.1ms)[0m  INSERT INTO "schema_migrations" ("version") VALUES ('20130218150411')
  [1m[36m (165.0ms)[0m  [1mcommit transaction[0m
  [1m[35m (0.1ms)[0m  SELECT "schema_migrations"."version" FROM "schema_migrations" 


Started GET "/" for 127.0.0.1 at 2013-02-18 12:05:12 -0300
Connecting to database specified by database.yml
Processing by PostsController#index as HTML
  [1m[36mPost Load (0.1ms)[0m  [1mSELECT "posts".* FROM "posts" [0m
  Rendered posts/index.html.erb within layouts/application (21.1ms)
Completed 200 OK in 94ms (Views: 39.8ms | ActiveRecord: 17.9ms)


Started GET "/assets/application.css?body=1" for 127.0.0.1 at 2013-02-18 12:05:13 -0300
Served asset /application.css - 304 Not Modified (8ms)


Started GET "/assets/posts.css?body=1" for 127.0.0.1 at 2013-02-18 12:05:13 -0300
Served asset /posts.css - 304 Not Modified (1ms)


Started GET "/assets/scaffolds.css?body=1" for 127.0.0.1 at 2013-02-18 12:05:13 -0300
Served asset /scaffolds.css - 304 Not Modified (2ms)


Started GET "/assets/jquery_ujs.js?body=1" for 127.0.0.1 at 2013-02-18 12:05:13 -0300
Served asset /jquery_ujs.js - 304 Not Modified (1ms)


Started GET "/assets/jquery.js?body=1" for 127.0.0.1 at 2013-02-18 12:05:13 -0300
Served asset /jquery.js - 304 Not Modified (4ms)


Started GET "/assets/posts.js?body=1" for 127.0.0.1 at 2013-02-18 12:05:13 -0300
Served asset /posts.js - 304 Not Modified (2ms)


Started GET "/assets/application.js?body=1" for 127.0.0.1 at 2013-02-18 12:05:13 -0300
Served asset /application.js - 304 Not Modified (6ms)


Started GET "/posts/new" for 127.0.0.1 at 2013-02-18 12:05:15 -0300
Processing by PostsController#new as HTML
  Rendered posts/_form.html.erb (5.5ms)
  Rendered posts/new.html.erb within layouts/application (9.1ms)
Completed 200 OK in 32ms (Views: 31.7ms | ActiveRecord: 0.0ms)


Started GET "/assets/posts.css?body=1" for 127.0.0.1 at 2013-02-18 12:05:15 -0300
Served asset /posts.css - 304 Not Modified (0ms)


Started GET "/assets/application.css?body=1" for 127.0.0.1 at 2013-02-18 12:05:15 -0300
Served asset /application.css - 304 Not Modified (0ms)


Started GET "/assets/jquery_ujs.js?body=1" for 127.0.0.1 at 2013-02-18 12:05:15 -0300
Served asset /jquery_ujs.js - 304 Not Modified (0ms)


Started GET "/assets/scaffolds.css?body=1" for 127.0.0.1 at 2013-02-18 12:05:15 -0300
Served asset /scaffolds.css - 304 Not Modified (0ms)


Started GET "/assets/jquery.js?body=1" for 127.0.0.1 at 2013-02-18 12:05:15 -0300
Served asset /jquery.js - 304 Not Modified (1ms)


Started GET "/assets/posts.js?body=1" for 127.0.0.1 at 2013-02-18 12:05:15 -0300
Served asset /posts.js - 304 Not Modified (0ms)


Started GET "/assets/application.js?body=1" for 127.0.0.1 at 2013-02-18 12:05:15 -0300
Served asset /application.js - 304 Not Modified (2ms)


Started POST "/posts" for 127.0.0.1 at 2013-02-18 12:05:21 -0300
Processing by PostsController#create as HTML
  Parameters: {"utf8"=>"✓", "authenticity_token"=>"vpvvrpr7IzdidiPEI7qUYK3GpQu2vn9W0tWrgCBQrG0=", "post"=>{"name"=>"aaaa", "title"=>"bbbb", "content"=>"cccccc"}, "commit"=>"Create Post"}
  [1m[35m (0.1ms)[0m  begin transaction
  [1m[36mSQL (2.9ms)[0m  [1mINSERT INTO "posts" ("content", "created_at", "image_content_type", "image_file_name", "image_file_size", "image_updated_at", "name", "title", "updated_at") VALUES (?, ?, ?, ?, ?, ?, ?, ?, ?)[0m  [["content", "cccccc"], ["created_at", Mon, 18 Feb 2013 15:05:21 UTC +00:00], ["image_content_type", nil], ["image_file_name", nil], ["image_file_size", nil], ["image_updated_at", nil], ["name", "aaaa"], ["title", "bbbb"], ["updated_at", Mon, 18 Feb 2013 15:05:21 UTC +00:00]]
[paperclip] Saving attachments.
  [1m[35m (209.6ms)[0m  commit transaction
Redirected to http://localhost:3000/posts/3
Completed 302 Found in 217ms (ActiveRecord: 212.5ms)


Started GET "/posts/3" for 127.0.0.1 at 2013-02-18 12:05:21 -0300
Processing by PostsController#show as HTML
  Parameters: {"id"=>"3"}
  [1m[36mPost Load (0.2ms)[0m  [1mSELECT "posts".* FROM "posts" WHERE "posts"."id" = ? LIMIT 1[0m  [["id", "3"]]
  Rendered posts/show.html.erb within layouts/application (1.0ms)
Completed 200 OK in 7ms (Views: 5.3ms | ActiveRecord: 0.2ms)


Started GET "/assets/application.css?body=1" for 127.0.0.1 at 2013-02-18 12:05:21 -0300
Served asset /application.css - 304 Not Modified (5ms)


Started GET "/assets/posts.css?body=1" for 127.0.0.1 at 2013-02-18 12:05:21 -0300
Served asset /posts.css - 304 Not Modified (0ms)


Started GET "/assets/scaffolds.css?body=1" for 127.0.0.1 at 2013-02-18 12:05:21 -0300
Served asset /scaffolds.css - 304 Not Modified (0ms)


Started GET "/assets/jquery_ujs.js?body=1" for 127.0.0.1 at 2013-02-18 12:05:21 -0300
Served asset /jquery_ujs.js - 304 Not Modified (0ms)


Started GET "/assets/posts.js?body=1" for 127.0.0.1 at 2013-02-18 12:05:21 -0300
Served asset /posts.js - 304 Not Modified (0ms)


Started GET "/assets/jquery.js?body=1" for 127.0.0.1 at 2013-02-18 12:05:21 -0300
Served asset /jquery.js - 304 Not Modified (0ms)


Started GET "/assets/application.js?body=1" for 127.0.0.1 at 2013-02-18 12:05:21 -0300
Served asset /application.js - 304 Not Modified (1ms)


Started GET "/posts" for 127.0.0.1 at 2013-02-18 12:05:23 -0300
Processing by PostsController#index as HTML
  [1m[35mPost Load (0.3ms)[0m  SELECT "posts".* FROM "posts" 
  Rendered posts/index.html.erb within layouts/application (4.3ms)
Completed 200 OK in 34ms (Views: 32.2ms | ActiveRecord: 0.3ms)


Started GET "/assets/application.css?body=1" for 127.0.0.1 at 2013-02-18 12:05:23 -0300
Served asset /application.css - 304 Not Modified (8ms)


Started GET "/assets/jquery_ujs.js?body=1" for 127.0.0.1 at 2013-02-18 12:05:23 -0300
Served asset /jquery_ujs.js - 304 Not Modified (0ms)


Started GET "/assets/posts.js?body=1" for 127.0.0.1 at 2013-02-18 12:05:23 -0300
Served asset /posts.js - 304 Not Modified (0ms)


Started GET "/assets/posts.css?body=1" for 127.0.0.1 at 2013-02-18 12:05:23 -0300
Served asset /posts.css - 304 Not Modified (0ms)


Started GET "/assets/scaffolds.css?body=1" for 127.0.0.1 at 2013-02-18 12:05:23 -0300
Served asset /scaffolds.css - 304 Not Modified (0ms)


Started GET "/assets/jquery.js?body=1" for 127.0.0.1 at 2013-02-18 12:05:23 -0300
Served asset /jquery.js - 304 Not Modified (1ms)


Started GET "/assets/application.js?body=1" for 127.0.0.1 at 2013-02-18 12:05:23 -0300
Served asset /application.js - 304 Not Modified (2ms)


Started GET "/" for 127.0.0.1 at 2013-02-18 12:06:58 -0300
Processing by PostsController#index as HTML
  [1m[36mPost Load (0.2ms)[0m  [1mSELECT "posts".* FROM "posts" [0m
  Rendered posts/index.html.erb within layouts/application (2.5ms)
Completed 200 OK in 9ms (Views: 7.3ms | ActiveRecord: 0.2ms)


Started GET "/assets/application.css?body=1" for 127.0.0.1 at 2013-02-18 12:06:58 -0300
Served asset /application.css - 304 Not Modified (10ms)


Started GET "/assets/posts.css?body=1" for 127.0.0.1 at 2013-02-18 12:06:58 -0300
Served asset /posts.css - 304 Not Modified (0ms)


Started GET "/assets/posts.js?body=1" for 127.0.0.1 at 2013-02-18 12:06:58 -0300
Served asset /posts.js - 304 Not Modified (0ms)


Started GET "/assets/scaffolds.css?body=1" for 127.0.0.1 at 2013-02-18 12:06:58 -0300
Served asset /scaffolds.css - 304 Not Modified (0ms)


Started GET "/assets/jquery_ujs.js?body=1" for 127.0.0.1 at 2013-02-18 12:06:58 -0300
Served asset /jquery_ujs.js - 304 Not Modified (0ms)


Started GET "/assets/jquery.js?body=1" for 127.0.0.1 at 2013-02-18 12:06:58 -0300
Served asset /jquery.js - 304 Not Modified (1ms)


Started GET "/assets/application.js?body=1" for 127.0.0.1 at 2013-02-18 12:06:58 -0300
Served asset /application.js - 304 Not Modified (1ms)


Started GET "/posts/new" for 127.0.0.1 at 2013-02-18 12:07:00 -0300
Processing by PostsController#new as HTML
  Rendered posts/_form.html.erb (4.6ms)
  Rendered posts/new.html.erb within layouts/application (5.6ms)
Completed 200 OK in 11ms (Views: 10.5ms | ActiveRecord: 0.0ms)


Started GET "/assets/posts.css?body=1" for 127.0.0.1 at 2013-02-18 12:07:00 -0300
Served asset /posts.css - 304 Not Modified (1ms)


Started GET "/assets/jquery.js?body=1" for 127.0.0.1 at 2013-02-18 12:07:00 -0300
Served asset /jquery.js - 304 Not Modified (3ms)


Started GET "/assets/scaffolds.css?body=1" for 127.0.0.1 at 2013-02-18 12:07:00 -0300
Served asset /scaffolds.css - 304 Not Modified (0ms)


Started GET "/assets/posts.js?body=1" for 127.0.0.1 at 2013-02-18 12:07:00 -0300
Served asset /posts.js - 304 Not Modified (0ms)


Started GET "/assets/jquery_ujs.js?body=1" for 127.0.0.1 at 2013-02-18 12:07:00 -0300
Served asset /jquery_ujs.js - 304 Not Modified (0ms)


Started GET "/assets/application.css?body=1" for 127.0.0.1 at 2013-02-18 12:07:00 -0300
Served asset /application.css - 304 Not Modified (0ms)


Started GET "/assets/application.js?body=1" for 127.0.0.1 at 2013-02-18 12:07:00 -0300
Served asset /application.js - 304 Not Modified (2ms)


Started GET "/posts/3/edit" for 127.0.0.1 at 2013-02-18 12:07:04 -0300
Processing by PostsController#edit as HTML
  Parameters: {"id"=>"3"}
  [1m[35mPost Load (0.2ms)[0m  SELECT "posts".* FROM "posts" WHERE "posts"."id" = ? LIMIT 1  [["id", "3"]]
  Rendered posts/_form.html.erb (4.3ms)
  Rendered posts/edit.html.erb within layouts/application (6.8ms)
Completed 200 OK in 17ms (Views: 15.1ms | ActiveRecord: 0.2ms)


Started GET "/assets/application.css?body=1" for 127.0.0.1 at 2013-02-18 12:07:04 -0300
Served asset /application.css - 304 Not Modified (8ms)


Started GET "/assets/scaffolds.css?body=1" for 127.0.0.1 at 2013-02-18 12:07:04 -0300
Served asset /scaffolds.css - 304 Not Modified (0ms)


Started GET "/assets/jquery.js?body=1" for 127.0.0.1 at 2013-02-18 12:07:04 -0300
Served asset /jquery.js - 304 Not Modified (0ms)


Started GET "/assets/posts.css?body=1" for 127.0.0.1 at 2013-02-18 12:07:04 -0300
Served asset /posts.css - 304 Not Modified (0ms)


Started GET "/assets/jquery_ujs.js?body=1" for 127.0.0.1 at 2013-02-18 12:07:04 -0300
Served asset /jquery_ujs.js - 304 Not Modified (0ms)


Started GET "/assets/posts.js?body=1" for 127.0.0.1 at 2013-02-18 12:07:04 -0300
Served asset /posts.js - 304 Not Modified (0ms)


Started GET "/assets/application.js?body=1" for 127.0.0.1 at 2013-02-18 12:07:04 -0300
Served asset /application.js - 304 Not Modified (1ms)


Started GET "/" for 127.0.0.1 at 2013-02-18 12:07:23 -0300
Processing by PostsController#index as HTML
  [1m[36mPost Load (0.2ms)[0m  [1mSELECT "posts".* FROM "posts" [0m
  Rendered posts/index.html.erb within layouts/application (4.3ms)
Completed 200 OK in 32ms (Views: 30.9ms | ActiveRecord: 0.2ms)


Started GET "/assets/application.css?body=1" for 127.0.0.1 at 2013-02-18 12:07:23 -0300
Served asset /application.css - 304 Not Modified (0ms)


Started GET "/assets/jquery_ujs.js?body=1" for 127.0.0.1 at 2013-02-18 12:07:23 -0300
Served asset /jquery_ujs.js - 304 Not Modified (0ms)


Started GET "/assets/posts.css?body=1" for 127.0.0.1 at 2013-02-18 12:07:23 -0300
Served asset /posts.css - 304 Not Modified (0ms)


Started GET "/assets/scaffolds.css?body=1" for 127.0.0.1 at 2013-02-18 12:07:23 -0300
Served asset /scaffolds.css - 304 Not Modified (0ms)


Started GET "/assets/posts.js?body=1" for 127.0.0.1 at 2013-02-18 12:07:23 -0300
Served asset /posts.js - 304 Not Modified (0ms)


Started GET "/assets/jquery.js?body=1" for 127.0.0.1 at 2013-02-18 12:07:23 -0300
Served asset /jquery.js - 304 Not Modified (1ms)


Started GET "/assets/application.js?body=1" for 127.0.0.1 at 2013-02-18 12:07:23 -0300
Served asset /application.js - 304 Not Modified (1ms)


Started GET "/posts/new" for 127.0.0.1 at 2013-02-18 12:07:24 -0300
Processing by PostsController#new as HTML
  Rendered posts/_form.html.erb (7.0ms)
  Rendered posts/new.html.erb within layouts/application (7.7ms)
Completed 500 Internal Server Error in 11ms

ActionView::Template::Error (undefined method `file_field' for nil:NilClass):
    20:     <%= f.text_field :title %>
    21:   </div>
    22: 
    23:   <%= form.file_field :image %>
    24: 
    25:   <div class="field">
    26:     <%= f.label :content %><br />
  app/views/posts/_form.html.erb:23:in `block in _app_views_posts__form_html_erb__382518121327562427_26832800'
  app/views/posts/_form.html.erb:1:in `_app_views_posts__form_html_erb__382518121327562427_26832800'
  app/views/posts/new.html.erb:3:in `_app_views_posts_new_html_erb__972445235962816000_70121985396540'
  app/controllers/posts_controller.rb:29:in `new'


  Rendered /home/elogroup/.rvm/gems/ruby-1.9.3-p194@spikevandal2/gems/actionpack-3.2.12/lib/action_dispatch/middleware/templates/rescues/_trace.erb (1.1ms)
  Rendered /home/elogroup/.rvm/gems/ruby-1.9.3-p194@spikevandal2/gems/actionpack-3.2.12/lib/action_dispatch/middleware/templates/rescues/_request_and_response.erb (0.7ms)
  Rendered /home/elogroup/.rvm/gems/ruby-1.9.3-p194@spikevandal2/gems/actionpack-3.2.12/lib/action_dispatch/middleware/templates/rescues/template_error.erb within rescues/layout (6.2ms)


Started GET "/posts/new" for 127.0.0.1 at 2013-02-18 12:07:34 -0300
Processing by PostsController#new as HTML
  Rendered posts/_form.html.erb (3.1ms)
  Rendered posts/new.html.erb within layouts/application (3.8ms)
Completed 200 OK in 9ms (Views: 8.2ms | ActiveRecord: 0.0ms)


Started GET "/assets/application.css?body=1" for 127.0.0.1 at 2013-02-18 12:07:34 -0300
Served asset /application.css - 304 Not Modified (5ms)


Started GET "/assets/scaffolds.css?body=1" for 127.0.0.1 at 2013-02-18 12:07:34 -0300
Served asset /scaffolds.css - 304 Not Modified (0ms)


Started GET "/assets/posts.css?body=1" for 127.0.0.1 at 2013-02-18 12:07:34 -0300
Served asset /posts.css - 304 Not Modified (0ms)


Started GET "/assets/jquery.js?body=1" for 127.0.0.1 at 2013-02-18 12:07:34 -0300
Served asset /jquery.js - 304 Not Modified (1ms)


Started GET "/assets/jquery_ujs.js?body=1" for 127.0.0.1 at 2013-02-18 12:07:34 -0300
Served asset /jquery_ujs.js - 304 Not Modified (0ms)


Started GET "/assets/posts.js?body=1" for 127.0.0.1 at 2013-02-18 12:07:34 -0300
Served asset /posts.js - 304 Not Modified (0ms)


Started GET "/assets/application.js?body=1" for 127.0.0.1 at 2013-02-18 12:07:34 -0300
Served asset /application.js - 304 Not Modified (24ms)


Started GET "/posts/new" for 127.0.0.1 at 2013-02-18 12:07:56 -0300
Processing by PostsController#new as HTML
  Rendered posts/_form.html.erb (5.8ms)
  Rendered posts/new.html.erb within layouts/application (7.3ms)
Completed 200 OK in 12ms (Views: 11.9ms | ActiveRecord: 0.0ms)


Started GET "/assets/application.css?body=1" for 127.0.0.1 at 2013-02-18 12:07:56 -0300
Served asset /application.css - 304 Not Modified (6ms)


Started GET "/assets/jquery_ujs.js?body=1" for 127.0.0.1 at 2013-02-18 12:07:56 -0300
Served asset /jquery_ujs.js - 304 Not Modified (0ms)


Started GET "/assets/jquery.js?body=1" for 127.0.0.1 at 2013-02-18 12:07:56 -0300
Served asset /jquery.js - 304 Not Modified (4ms)


Started GET "/assets/posts.css?body=1" for 127.0.0.1 at 2013-02-18 12:07:56 -0300
Served asset /posts.css - 304 Not Modified (0ms)


Started GET "/assets/posts.js?body=1" for 127.0.0.1 at 2013-02-18 12:07:56 -0300
Served asset /posts.js - 304 Not Modified (0ms)


Started GET "/assets/scaffolds.css?body=1" for 127.0.0.1 at 2013-02-18 12:07:56 -0300
Served asset /scaffolds.css - 304 Not Modified (0ms)


Started GET "/assets/application.js?body=1" for 127.0.0.1 at 2013-02-18 12:07:56 -0300
Served asset /application.js - 304 Not Modified (3ms)


Started POST "/posts" for 127.0.0.1 at 2013-02-18 12:08:32 -0300
Processing by PostsController#create as HTML
  Parameters: {"utf8"=>"✓", "authenticity_token"=>"vpvvrpr7IzdidiPEI7qUYK3GpQu2vn9W0tWrgCBQrG0=", "post"=>{"name"=>"aaa", "title"=>"bbb", "image"=>#<ActionDispatch::Http::UploadedFile:0x0000000338dee0 @original_filename="0030349e3f0711e28e2d22000a1fbe71_7.jpg", @content_type="image/jpeg", @headers="Content-Disposition: form-data; name=\"post[image]\"; filename=\"0030349e3f0711e28e2d22000a1fbe71_7.jpg\"\r\nContent-Type: image/jpeg\r\n", @tempfile=#<File:/tmp/RackMultipart20130218-8396-sto612>>, "content"=>"ccc"}, "commit"=>"Create Post"}
Command :: identify -format '%wx%h,%[exif:orientation]' '/tmp/0030349e3f0711e28e2d22000a1fbe71_720130218-8396-1jz1d7w.jpg[0]'
Command :: identify -format %m '/tmp/0030349e3f0711e28e2d22000a1fbe71_720130218-8396-1jz1d7w.jpg[0]'
Command :: identify -format %m '/tmp/0030349e3f0711e28e2d22000a1fbe71_720130218-8396-1jz1d7w.jpg[0]'
Command :: convert '/tmp/0030349e3f0711e28e2d22000a1fbe71_720130218-8396-1jz1d7w.jpg[0]' -auto-orient -resize "1008x1152" '/tmp/0030349e3f0711e28e2d22000a1fbe71_720130218-8396-1jz1d7w20130218-8396-1x8re54'
Command :: file -b --mime '/tmp/0030349e3f0711e28e2d22000a1fbe71_720130218-8396-1jz1d7w20130218-8396-1x8re54'
Command :: identify -format '%wx%h,%[exif:orientation]' '/tmp/0030349e3f0711e28e2d22000a1fbe71_720130218-8396-1jz1d7w.jpg[0]'
Command :: identify -format %m '/tmp/0030349e3f0711e28e2d22000a1fbe71_720130218-8396-1jz1d7w.jpg[0]'
Command :: identify -format %m '/tmp/0030349e3f0711e28e2d22000a1fbe71_720130218-8396-1jz1d7w.jpg[0]'
Command :: convert '/tmp/0030349e3f0711e28e2d22000a1fbe71_720130218-8396-1jz1d7w.jpg[0]' -auto-orient -resize "300x300>" '/tmp/0030349e3f0711e28e2d22000a1fbe71_720130218-8396-1jz1d7w20130218-8396-4gse06'
Command :: file -b --mime '/tmp/0030349e3f0711e28e2d22000a1fbe71_720130218-8396-1jz1d7w20130218-8396-4gse06'
Command :: identify -format '%wx%h,%[exif:orientation]' '/tmp/0030349e3f0711e28e2d22000a1fbe71_720130218-8396-1jz1d7w.jpg[0]'
Command :: identify -format %m '/tmp/0030349e3f0711e28e2d22000a1fbe71_720130218-8396-1jz1d7w.jpg[0]'
Command :: identify -format %m '/tmp/0030349e3f0711e28e2d22000a1fbe71_720130218-8396-1jz1d7w.jpg[0]'
Command :: convert '/tmp/0030349e3f0711e28e2d22000a1fbe71_720130218-8396-1jz1d7w.jpg[0]' -auto-orient -resize "100x100>" '/tmp/0030349e3f0711e28e2d22000a1fbe71_720130218-8396-1jz1d7w20130218-8396-1pri1nu'
Command :: file -b --mime '/tmp/0030349e3f0711e28e2d22000a1fbe71_720130218-8396-1jz1d7w20130218-8396-1pri1nu'
  [1m[35m (0.1ms)[0m  begin transaction
Binary data inserted for `string` type on column `image_content_type`
  [1m[36mSQL (0.4ms)[0m  [1mINSERT INTO "posts" ("content", "created_at", "image_content_type", "image_file_name", "image_file_size", "image_updated_at", "name", "title", "updated_at") VALUES (?, ?, ?, ?, ?, ?, ?, ?, ?)[0m  [["content", "ccc"], ["created_at", Mon, 18 Feb 2013 15:08:33 UTC +00:00], ["image_content_type", "image/jpeg"], ["image_file_name", "0030349e3f0711e28e2d22000a1fbe71_7.jpg"], ["image_file_size", 168019], ["image_updated_at", Mon, 18 Feb 2013 15:08:32 UTC +00:00], ["name", "aaa"], ["title", "bbb"], ["updated_at", Mon, 18 Feb 2013 15:08:33 UTC +00:00]]
[paperclip] Saving attachments.
  [1m[35m (139.0ms)[0m  commit transaction
Redirected to http://localhost:3000/posts/4
Completed 302 Found in 922ms (ActiveRecord: 139.5ms)


Started GET "/posts/4" for 127.0.0.1 at 2013-02-18 12:08:33 -0300
Processing by PostsController#show as HTML
  Parameters: {"id"=>"4"}
  [1m[36mPost Load (0.2ms)[0m  [1mSELECT "posts".* FROM "posts" WHERE "posts"."id" = ? LIMIT 1[0m  [["id", "4"]]
  Rendered posts/show.html.erb within layouts/application (1.1ms)
Completed 200 OK in 9ms (Views: 6.9ms | ActiveRecord: 0.2ms)


Started GET "/assets/scaffolds.css?body=1" for 127.0.0.1 at 2013-02-18 12:08:33 -0300
Served asset /scaffolds.css - 304 Not Modified (0ms)


Started GET "/assets/posts.css?body=1" for 127.0.0.1 at 2013-02-18 12:08:33 -0300
Served asset /posts.css - 304 Not Modified (0ms)


Started GET "/assets/application.css?body=1" for 127.0.0.1 at 2013-02-18 12:08:33 -0300
Served asset /application.css - 304 Not Modified (0ms)


Started GET "/assets/jquery_ujs.js?body=1" for 127.0.0.1 at 2013-02-18 12:08:33 -0300
Served asset /jquery_ujs.js - 304 Not Modified (0ms)


Started GET "/assets/posts.js?body=1" for 127.0.0.1 at 2013-02-18 12:08:33 -0300
Served asset /posts.js - 304 Not Modified (0ms)


Started GET "/assets/jquery.js?body=1" for 127.0.0.1 at 2013-02-18 12:08:33 -0300
Served asset /jquery.js - 304 Not Modified (1ms)


Started GET "/assets/application.js?body=1" for 127.0.0.1 at 2013-02-18 12:08:33 -0300
Served asset /application.js - 304 Not Modified (2ms)


Started GET "/posts/4" for 127.0.0.1 at 2013-02-18 12:09:29 -0300
Processing by PostsController#show as HTML
  Parameters: {"id"=>"4"}
  [1m[35mPost Load (0.1ms)[0m  SELECT "posts".* FROM "posts" WHERE "posts"."id" = ? LIMIT 1  [["id", "4"]]
  Rendered posts/show.html.erb within layouts/application (1.3ms)
Completed 500 Internal Server Error in 4ms

ActionView::Template::Error (undefined method `avatar' for nil:NilClass):
    12: 
    13: <p>
    14:   <b>Image:</b>
    15:   <%= image_tag @user.avatar.url %>
    16: </p>
    17: 
    18: <p>
  app/views/posts/show.html.erb:15:in `_app_views_posts_show_html_erb___1598593370653344887_70121985282740'
  app/controllers/posts_controller.rb:18:in `show'


  Rendered /home/elogroup/.rvm/gems/ruby-1.9.3-p194@spikevandal2/gems/actionpack-3.2.12/lib/action_dispatch/middleware/templates/rescues/_trace.erb (1.0ms)
  Rendered /home/elogroup/.rvm/gems/ruby-1.9.3-p194@spikevandal2/gems/actionpack-3.2.12/lib/action_dispatch/middleware/templates/rescues/_request_and_response.erb (20.8ms)
  Rendered /home/elogroup/.rvm/gems/ruby-1.9.3-p194@spikevandal2/gems/actionpack-3.2.12/lib/action_dispatch/middleware/templates/rescues/template_error.erb within rescues/layout (26.0ms)


Started GET "/posts/4" for 127.0.0.1 at 2013-02-18 12:09:40 -0300
Processing by PostsController#show as HTML
  Parameters: {"id"=>"4"}
  [1m[36mPost Load (0.1ms)[0m  [1mSELECT "posts".* FROM "posts" WHERE "posts"."id" = ? LIMIT 1[0m  [["id", "4"]]
  Rendered posts/show.html.erb within layouts/application (3.0ms)
Completed 200 OK in 10ms (Views: 8.9ms | ActiveRecord: 0.1ms)


Started GET "/assets/application.css?body=1" for 127.0.0.1 at 2013-02-18 12:09:41 -0300
Served asset /application.css - 304 Not Modified (8ms)


Started GET "/assets/scaffolds.css?body=1" for 127.0.0.1 at 2013-02-18 12:09:41 -0300
Served asset /scaffolds.css - 304 Not Modified (0ms)


Started GET "/assets/posts.js?body=1" for 127.0.0.1 at 2013-02-18 12:09:41 -0300
Served asset /posts.js - 304 Not Modified (0ms)


Started GET "/assets/posts.css?body=1" for 127.0.0.1 at 2013-02-18 12:09:41 -0300
Served asset /posts.css - 304 Not Modified (0ms)


Started GET "/assets/jquery.js?body=1" for 127.0.0.1 at 2013-02-18 12:09:41 -0300
Served asset /jquery.js - 304 Not Modified (1ms)


Started GET "/assets/jquery_ujs.js?body=1" for 127.0.0.1 at 2013-02-18 12:09:41 -0300
Served asset /jquery_ujs.js - 304 Not Modified (0ms)


Started GET "/assets/application.js?body=1" for 127.0.0.1 at 2013-02-18 12:09:41 -0300
Served asset /application.js - 304 Not Modified (1ms)


Started GET "/posts/4" for 127.0.0.1 at 2013-02-18 12:10:56 -0300
Processing by PostsController#show as HTML
  Parameters: {"id"=>"4"}
  [1m[35mPost Load (0.1ms)[0m  SELECT "posts".* FROM "posts" WHERE "posts"."id" = ? LIMIT 1  [["id", "4"]]
  Rendered posts/show.html.erb within layouts/application (4.5ms)
Completed 200 OK in 11ms (Views: 9.7ms | ActiveRecord: 0.1ms)


Started GET "/assets/application.css?body=1" for 127.0.0.1 at 2013-02-18 12:10:56 -0300
Served asset /application.css - 304 Not Modified (0ms)


Started GET "/assets/jquery_ujs.js?body=1" for 127.0.0.1 at 2013-02-18 12:10:56 -0300
Served asset /jquery_ujs.js - 304 Not Modified (0ms)


Started GET "/assets/scaffolds.css?body=1" for 127.0.0.1 at 2013-02-18 12:10:56 -0300
Served asset /scaffolds.css - 304 Not Modified (0ms)


Started GET "/assets/posts.css?body=1" for 127.0.0.1 at 2013-02-18 12:10:56 -0300
Served asset /posts.css - 304 Not Modified (0ms)


Started GET "/assets/jquery.js?body=1" for 127.0.0.1 at 2013-02-18 12:10:56 -0300
Served asset /jquery.js - 304 Not Modified (1ms)


Started GET "/assets/posts.js?body=1" for 127.0.0.1 at 2013-02-18 12:10:56 -0300
Served asset /posts.js - 304 Not Modified (0ms)


Started GET "/assets/application.js?body=1" for 127.0.0.1 at 2013-02-18 12:10:56 -0300
Served asset /application.js - 304 Not Modified (2ms)


Started GET "/posts" for 127.0.0.1 at 2013-02-18 12:11:48 -0300
Processing by PostsController#index as HTML
  [1m[36mPost Load (0.2ms)[0m  [1mSELECT "posts".* FROM "posts" [0m
  Rendered posts/index.html.erb within layouts/application (2.6ms)
Completed 200 OK in 8ms (Views: 6.8ms | ActiveRecord: 0.2ms)


Started GET "/assets/application.css?body=1" for 127.0.0.1 at 2013-02-18 12:11:48 -0300
Served asset /application.css - 304 Not Modified (5ms)


Started GET "/assets/posts.css?body=1" for 127.0.0.1 at 2013-02-18 12:11:48 -0300
Served asset /posts.css - 304 Not Modified (0ms)


Started GET "/assets/scaffolds.css?body=1" for 127.0.0.1 at 2013-02-18 12:11:48 -0300
Served asset /scaffolds.css - 304 Not Modified (0ms)


Started GET "/assets/jquery.js?body=1" for 127.0.0.1 at 2013-02-18 12:11:48 -0300
Served asset /jquery.js - 304 Not Modified (1ms)


Started GET "/assets/jquery_ujs.js?body=1" for 127.0.0.1 at 2013-02-18 12:11:48 -0300
Served asset /jquery_ujs.js - 304 Not Modified (0ms)


Started GET "/assets/posts.js?body=1" for 127.0.0.1 at 2013-02-18 12:11:48 -0300
Served asset /posts.js - 304 Not Modified (0ms)


Started GET "/assets/application.js?body=1" for 127.0.0.1 at 2013-02-18 12:11:48 -0300
Served asset /application.js - 304 Not Modified (2ms)


Started GET "/posts/4" for 127.0.0.1 at 2013-02-18 12:12:34 -0300
Processing by PostsController#show as HTML
  Parameters: {"id"=>"4"}
  [1m[35mPost Load (0.1ms)[0m  SELECT "posts".* FROM "posts" WHERE "posts"."id" = ? LIMIT 1  [["id", "4"]]
  Rendered posts/show.html.erb within layouts/application (1.7ms)
Completed 200 OK in 7ms (Views: 6.1ms | ActiveRecord: 0.1ms)


Started GET "/assets/application.css?body=1" for 127.0.0.1 at 2013-02-18 12:12:34 -0300
Served asset /application.css - 304 Not Modified (9ms)


Started GET "/assets/jquery.js?body=1" for 127.0.0.1 at 2013-02-18 12:12:35 -0300
Served asset /jquery.js - 304 Not Modified (2ms)


Started GET "/assets/posts.css?body=1" for 127.0.0.1 at 2013-02-18 12:12:35 -0300
Served asset /posts.css - 304 Not Modified (0ms)


Started GET "/assets/jquery_ujs.js?body=1" for 127.0.0.1 at 2013-02-18 12:12:35 -0300
Served asset /jquery_ujs.js - 304 Not Modified (0ms)


Started GET "/assets/posts.js?body=1" for 127.0.0.1 at 2013-02-18 12:12:35 -0300
Served asset /posts.js - 304 Not Modified (0ms)


Started GET "/assets/scaffolds.css?body=1" for 127.0.0.1 at 2013-02-18 12:12:35 -0300
Served asset /scaffolds.css - 304 Not Modified (0ms)


Started GET "/assets/application.js?body=1" for 127.0.0.1 at 2013-02-18 12:12:35 -0300
Served asset /application.js - 304 Not Modified (1ms)


Started GET "/posts/3" for 127.0.0.1 at 2013-02-18 12:13:06 -0300
Processing by PostsController#show as HTML
  Parameters: {"id"=>"3"}
  [1m[36mPost Load (0.2ms)[0m  [1mSELECT "posts".* FROM "posts" WHERE "posts"."id" = ? LIMIT 1[0m  [["id", "3"]]
  Rendered posts/show.html.erb within layouts/application (1.6ms)
Completed 200 OK in 9ms (Views: 6.8ms | ActiveRecord: 0.2ms)


Started GET "/assets/application.css?body=1" for 127.0.0.1 at 2013-02-18 12:13:06 -0300
Served asset /application.css - 304 Not Modified (4ms)


Started GET "/assets/scaffolds.css?body=1" for 127.0.0.1 at 2013-02-18 12:13:06 -0300
Served asset /scaffolds.css - 304 Not Modified (0ms)


Started GET "/assets/posts.js?body=1" for 127.0.0.1 at 2013-02-18 12:13:06 -0300
Served asset /posts.js - 304 Not Modified (0ms)


Started GET "/assets/jquery.js?body=1" for 127.0.0.1 at 2013-02-18 12:13:06 -0300
Served asset /jquery.js - 304 Not Modified (0ms)


Started GET "/assets/posts.css?body=1" for 127.0.0.1 at 2013-02-18 12:13:06 -0300
Served asset /posts.css - 304 Not Modified (0ms)


Started GET "/assets/jquery_ujs.js?body=1" for 127.0.0.1 at 2013-02-18 12:13:06 -0300
Served asset /jquery_ujs.js - 304 Not Modified (0ms)


Started GET "/assets/application.js?body=1" for 127.0.0.1 at 2013-02-18 12:13:06 -0300
Served asset /application.js - 304 Not Modified (2ms)


Started GET "/images/normal/missing.png" for 127.0.0.1 at 2013-02-18 12:13:06 -0300

ActionController::RoutingError (No route matches [GET] "/images/normal/missing.png"):
  actionpack (3.2.12) lib/action_dispatch/middleware/debug_exceptions.rb:21:in `call'
  actionpack (3.2.12) lib/action_dispatch/middleware/show_exceptions.rb:56:in `call'
  railties (3.2.12) lib/rails/rack/logger.rb:32:in `call_app'
  railties (3.2.12) lib/rails/rack/logger.rb:16:in `block in call'
  activesupport (3.2.12) lib/active_support/tagged_logging.rb:22:in `tagged'
  railties (3.2.12) lib/rails/rack/logger.rb:16:in `call'
  actionpack (3.2.12) lib/action_dispatch/middleware/request_id.rb:22:in `call'
  rack (1.4.5) lib/rack/methodoverride.rb:21:in `call'
  rack (1.4.5) lib/rack/runtime.rb:17:in `call'
  activesupport (3.2.12) lib/active_support/cache/strategy/local_cache.rb:72:in `call'
  rack (1.4.5) lib/rack/lock.rb:15:in `call'
  actionpack (3.2.12) lib/action_dispatch/middleware/static.rb:62:in `call'
  railties (3.2.12) lib/rails/engine.rb:479:in `call'
  railties (3.2.12) lib/rails/application.rb:223:in `call'
  rack (1.4.5) lib/rack/content_length.rb:14:in `call'
  railties (3.2.12) lib/rails/rack/log_tailer.rb:17:in `call'
  rack (1.4.5) lib/rack/handler/webrick.rb:59:in `service'
  /home/elogroup/.rvm/rubies/ruby-1.9.3-p194/lib/ruby/1.9.1/webrick/httpserver.rb:138:in `service'
  /home/elogroup/.rvm/rubies/ruby-1.9.3-p194/lib/ruby/1.9.1/webrick/httpserver.rb:94:in `run'
  /home/elogroup/.rvm/rubies/ruby-1.9.3-p194/lib/ruby/1.9.1/webrick/server.rb:191:in `block in start_thread'


  Rendered /home/elogroup/.rvm/gems/ruby-1.9.3-p194@spikevandal2/gems/actionpack-3.2.12/lib/action_dispatch/middleware/templates/rescues/routing_error.erb within rescues/layout (0.6ms)


Started GET "/posts/4" for 127.0.0.1 at 2013-02-18 12:13:09 -0300
Processing by PostsController#show as HTML
  Parameters: {"id"=>"4"}
  [1m[35mPost Load (0.1ms)[0m  SELECT "posts".* FROM "posts" WHERE "posts"."id" = ? LIMIT 1  [["id", "4"]]
  Rendered posts/show.html.erb within layouts/application (1.4ms)
Completed 200 OK in 7ms (Views: 5.7ms | ActiveRecord: 0.1ms)


Started GET "/assets/application.css?body=1" for 127.0.0.1 at 2013-02-18 12:13:10 -0300
Served asset /application.css - 304 Not Modified (0ms)


Started GET "/assets/posts.css?body=1" for 127.0.0.1 at 2013-02-18 12:13:10 -0300
Served asset /posts.css - 304 Not Modified (0ms)


Started GET "/assets/jquery_ujs.js?body=1" for 127.0.0.1 at 2013-02-18 12:13:10 -0300
Served asset /jquery_ujs.js - 304 Not Modified (0ms)


Started GET "/assets/scaffolds.css?body=1" for 127.0.0.1 at 2013-02-18 12:13:10 -0300
Served asset /scaffolds.css - 304 Not Modified (0ms)


Started GET "/assets/application.js?body=1" for 127.0.0.1 at 2013-02-18 12:13:10 -0300
Served asset /application.js - 304 Not Modified (1ms)


Started GET "/assets/jquery.js?body=1" for 127.0.0.1 at 2013-02-18 12:13:10 -0300
Served asset /jquery.js - 304 Not Modified (0ms)


Started GET "/assets/posts.js?body=1" for 127.0.0.1 at 2013-02-18 12:13:10 -0300
Served asset /posts.js - 304 Not Modified (0ms)


Started GET "/posts/4" for 127.0.0.1 at 2013-02-18 12:13:20 -0300
Processing by PostsController#show as HTML
  Parameters: {"id"=>"4"}
  [1m[36mPost Load (0.1ms)[0m  [1mSELECT "posts".* FROM "posts" WHERE "posts"."id" = ? LIMIT 1[0m  [["id", "4"]]
  Rendered posts/show.html.erb within layouts/application (3.1ms)
Completed 200 OK in 13ms (Views: 10.9ms | ActiveRecord: 0.1ms)


Started GET "/assets/application.css?body=1" for 127.0.0.1 at 2013-02-18 12:13:20 -0300
Served asset /application.css - 304 Not Modified (0ms)


Started GET "/assets/scaffolds.css?body=1" for 127.0.0.1 at 2013-02-18 12:13:20 -0300
Served asset /scaffolds.css - 304 Not Modified (0ms)


Started GET "/assets/jquery.js?body=1" for 127.0.0.1 at 2013-02-18 12:13:20 -0300
Served asset /jquery.js - 304 Not Modified (4ms)


Started GET "/assets/jquery_ujs.js?body=1" for 127.0.0.1 at 2013-02-18 12:13:20 -0300
Served asset /jquery_ujs.js - 304 Not Modified (0ms)


Started GET "/assets/posts.css?body=1" for 127.0.0.1 at 2013-02-18 12:13:20 -0300
Served asset /posts.css - 304 Not Modified (0ms)


Started GET "/assets/application.js?body=1" for 127.0.0.1 at 2013-02-18 12:13:20 -0300
Served asset /application.js - 304 Not Modified (3ms)


Started GET "/assets/posts.js?body=1" for 127.0.0.1 at 2013-02-18 12:13:20 -0300
Served asset /posts.js - 304 Not Modified (27ms)
